# JRE version: OpenJDK Runtime Environment (8.0_112-b06) (build 1.8.0_112-release-b06)
# Java VM: OpenJDK 64-Bit Server VM (25.112-b06 mixed mode windows-amd64 compressed oops)
Heap:
 PSYoungGen      total 55296K, used 40993K [0x00000000e0000000, 0x00000000e4e80000, 0x0000000100000000)
  eden space 44544K, 76% used [0x00000000e0000000,0x00000000e216a6a8,0x00000000e2b80000)
  from space 10752K, 63% used [0x00000000e2b80000,0x00000000e321e048,0x00000000e3600000)
  to   space 10240K, 0% used [0x00000000e4480000,0x00000000e4480000,0x00000000e4e80000)
 ParOldGen       total 69120K, used 9480K [0x00000000a0000000, 0x00000000a4380000, 0x00000000e0000000)
  object space 69120K, 13% used [0x00000000a0000000,0x00000000a09422f8,0x00000000a4380000)
 Metaspace       used 30285K, capacity 30892K, committed 30976K, reserved 1075200K
  class space    used 4140K, capacity 4313K, committed 4352K, reserved 1048576K
GC Heap History (10 events):
Event: 9.482 GC heap before
{Heap before GC invocations=4 (full 0):
 PSYoungGen      total 38400K, used 29614K [0x00000000e0000000, 0x00000000e2a80000, 0x0000000100000000)
  eden space 33280K, 73% used [0x00000000e0000000,0x00000000e17efb00,0x00000000e2080000)
  from space 5120K, 99% used [0x00000000e2080000,0x00000000e257c030,0x00000000e2580000)
  to   space 5120K, 0% used [0x00000000e2580000,0x00000000e2580000,0x00000000e2a80000)
 ParOldGen       total 87552K, used 3380K [0x00000000a0000000, 0x00000000a5580000, 0x00000000e0000000)
  object space 87552K, 3% used [0x00000000a0000000,0x00000000a034d3d8,0x00000000a5580000)
 Metaspace       used 20822K, capacity 21230K, committed 21296K, reserved 1067008K
  class space    used 2789K, capacity 2944K, committed 2944K, reserved 1048576K
Event: 9.495 GC heap after
Heap after GC invocations=4 (full 0):
 PSYoungGen      total 38400K, used 5115K [0x00000000e0000000, 0x00000000e2a80000, 0x0000000100000000)
  eden space 33280K, 0% used [0x00000000e0000000,0x00000000e0000000,0x00000000e2080000)
  from space 5120K, 99% used [0x00000000e2580000,0x00000000e2a7efd0,0x00000000e2a80000)
  to   space 5120K, 0% used [0x00000000e2080000,0x00000000e2080000,0x00000000e2580000)
 ParOldGen       total 87552K, used 7866K [0x00000000a0000000, 0x00000000a5580000, 0x00000000e0000000)
  object space 87552K, 8% used [0x00000000a0000000,0x00000000a07aea10,0x00000000a5580000)
 Metaspace       used 20822K, capacity 21230K, committed 21296K, reserved 1067008K
  class space    used 2789K, capacity 2944K, committed 2944K, reserved 1048576K
}
Event: 9.495 GC heap before
{Heap before GC invocations=5 (full 1):
 PSYoungGen      total 38400K, used 5115K [0x00000000e0000000, 0x00000000e2a80000, 0x0000000100000000)
  eden space 33280K, 0% used [0x00000000e0000000,0x00000000e0000000,0x00000000e2080000)
  from space 5120K, 99% used [0x00000000e2580000,0x00000000e2a7efd0,0x00000000e2a80000)
  to   space 5120K, 0% used [0x00000000e2080000,0x00000000e2080000,0x00000000e2580000)
 ParOldGen       total 87552K, used 7866K [0x00000000a0000000, 0x00000000a5580000, 0x00000000e0000000)
  object space 87552K, 8% used [0x00000000a0000000,0x00000000a07aea10,0x00000000a5580000)
 Metaspace       used 20822K, capacity 21230K, committed 21296K, reserved 1067008K
  class space    used 2789K, capacity 2944K, committed 2944K, reserved 1048576K
Event: 9.622 GC heap after
Heap after GC invocations=5 (full 1):
 PSYoungGen      total 38400K, used 0K [0x00000000e0000000, 0x00000000e2a80000, 0x0000000100000000)
  eden space 33280K, 0% used [0x00000000e0000000,0x00000000e0000000,0x00000000e2080000)
  from space 5120K, 0% used [0x00000000e2580000,0x00000000e2580000,0x00000000e2a80000)
  to   space 5120K, 0% used [0x00000000e2080000,0x00000000e2080000,0x00000000e2580000)
 ParOldGen       total 69120K, used 9456K [0x00000000a0000000, 0x00000000a4380000, 0x00000000e0000000)
  object space 69120K, 13% used [0x00000000a0000000,0x00000000a093c2f8,0x00000000a4380000)
 Metaspace       used 20822K, capacity 21230K, committed 21296K, reserved 1067008K
  class space    used 2789K, capacity 2944K, committed 2944K, reserved 1048576K
}
Event: 14.700 GC heap before
{Heap before GC invocations=6 (full 1):
 PSYoungGen      total 38400K, used 33280K [0x00000000e0000000, 0x00000000e2a80000, 0x0000000100000000)
  eden space 33280K, 100% used [0x00000000e0000000,0x00000000e2080000,0x00000000e2080000)
  from space 5120K, 0% used [0x00000000e2580000,0x00000000e2580000,0x00000000e2a80000)
  to   space 5120K, 0% used [0x00000000e2080000,0x00000000e2080000,0x00000000e2580000)
 ParOldGen       total 69120K, used 9456K [0x00000000a0000000, 0x00000000a4380000, 0x00000000e0000000)
  object space 69120K, 13% used [0x00000000a0000000,0x00000000a093c2f8,0x00000000a4380000)
 Metaspace       used 23621K, capacity 24016K, committed 24192K, reserved 1071104K
  class space    used 3174K, capacity 3337K, committed 3456K, reserved 1048576K
Event: 14.715 GC heap after
Heap after GC invocations=6 (full 1):
 PSYoungGen      total 38400K, used 3512K [0x00000000e0000000, 0x00000000e4180000, 0x0000000100000000)
  eden space 33280K, 0% used [0x00000000e0000000,0x00000000e0000000,0x00000000e2080000)
  from space 5120K, 68% used [0x00000000e2080000,0x00000000e23ee098,0x00000000e2580000)
  to   space 11264K, 0% used [0x00000000e3680000,0x00000000e3680000,0x00000000e4180000)
 ParOldGen       total 69120K, used 9464K [0x00000000a0000000, 0x00000000a4380000, 0x00000000e0000000)
  object space 69120K, 13% used [0x00000000a0000000,0x00000000a093e2f8,0x00000000a4380000)
 Metaspace       used 23621K, capacity 24016K, committed 24192K, reserved 1071104K
  class space    used 3174K, capacity 3337K, committed 3456K, reserved 1048576K
}
Event: 18.237 GC heap before
{Heap before GC invocations=7 (full 1):
 PSYoungGen      total 38400K, used 36792K [0x00000000e0000000, 0x00000000e4180000, 0x0000000100000000)
  eden space 33280K, 100% used [0x00000000e0000000,0x00000000e2080000,0x00000000e2080000)
  from space 5120K, 68% used [0x00000000e2080000,0x00000000e23ee098,0x00000000e2580000)
  to   space 11264K, 0% used [0x00000000e3680000,0x00000000e3680000,0x00000000e4180000)
 ParOldGen       total 69120K, used 9464K [0x00000000a0000000, 0x00000000a4380000, 0x00000000e0000000)
  object space 69120K, 13% used [0x00000000a0000000,0x00000000a093e2f8,0x00000000a4380000)
 Metaspace       used 26503K, capacity 27044K, committed 27136K, reserved 1073152K
  class space    used 3660K, capacity 3782K, committed 3840K, reserved 1048576K
Event: 18.258 GC heap after
Heap after GC invocations=7 (full 1):
 PSYoungGen      total 54784K, used 6095K [0x00000000e0000000, 0x00000000e4080000, 0x0000000100000000)
  eden space 44544K, 0% used [0x00000000e0000000,0x00000000e0000000,0x00000000e2b80000)
  from space 10240K, 59% used [0x00000000e3680000,0x00000000e3c73e88,0x00000000e4080000)
  to   space 10752K, 0% used [0x00000000e2b80000,0x00000000e2b80000,0x00000000e3600000)
 ParOldGen       total 69120K, used 9472K [0x00000000a0000000, 0x00000000a4380000, 0x00000000e0000000)
  object space 69120K, 13% used [0x00000000a0000000,0x00000000a09402f8,0x00000000a4380000)
 Metaspace       used 26503K, capacity 27044K, committed 27136K, reserved 1073152K
  class space    used 3660K, capacity 3782K, committed 3840K, reserved 1048576K
}
Event: 21.919 GC heap before
{Heap before GC invocations=8 (full 1):
 PSYoungGen      total 54784K, used 50639K [0x00000000e0000000, 0x00000000e4080000, 0x0000000100000000)
  eden space 44544K, 100% used [0x00000000e0000000,0x00000000e2b80000,0x00000000e2b80000)
  from space 10240K, 59% used [0x00000000e3680000,0x00000000e3c73e88,0x00000000e4080000)
  to   space 10752K, 0% used [0x00000000e2b80000,0x00000000e2b80000,0x00000000e3600000)
 ParOldGen       total 69120K, used 9472K [0x00000000a0000000, 0x00000000a4380000, 0x00000000e0000000)
  object space 69120K, 13% used [0x00000000a0000000,0x00000000a09402f8,0x00000000a4380000)
 Metaspace       used 29657K, capacity 30160K, committed 30464K, reserved 1075200K
  class space    used 4066K, capacity 4242K, committed 4352K, reserved 1048576K
Event: 21.949 GC heap after
Heap after GC invocations=8 (full 1):
 PSYoungGen      total 55296K, used 6776K [0x00000000e0000000, 0x00000000e4e80000, 0x0000000100000000)
  eden space 44544K, 0% used [0x00000000e0000000,0x00000000e0000000,0x00000000e2b80000)
  from space 10752K, 63% used [0x00000000e2b80000,0x00000000e321e048,0x00000000e3600000)
  to   space 10240K, 0% used [0x00000000e4480000,0x00000000e4480000,0x00000000e4e80000)
 ParOldGen       total 69120K, used 9480K [0x00000000a0000000, 0x00000000a4380000, 0x00000000e0000000)
  object space 69120K, 13% used [0x00000000a0000000,0x00000000a09422f8,0x00000000a4380000)
 Metaspace       used 29657K, capacity 30160K, committed 30464K, reserved 1075200K
  class space    used 4066K, capacity 4242K, committed 4352K, reserved 1048576K
}

